Copyright 1986-2022 Xilinx, Inc. All Rights Reserved.
-----------------------------------------------------------------------------------------------------------------------------------------------------------------------------------------------------------------
| Tool Version : Vivado v.2022.1 (lin64) Build 3526262 Mon Apr 18 15:47:01 MDT 2022
| Date         : Fri Nov  3 15:00:30 2023
| Host         : LAPTOP-QKPB5NLF running 64-bit Ubuntu 18.04.2 LTS
| Command      : report_methodology -file FOC_torqueVectorGenerator_methodology_drc_routed.rpt -pb FOC_torqueVectorGenerator_methodology_drc_routed.pb -rpx FOC_torqueVectorGenerator_methodology_drc_routed.rpx
| Design       : FOC_torqueVectorGenerator
| Device       : xc7z010clg400-1
| Speed File   : -1
| Design State : Fully Routed
-----------------------------------------------------------------------------------------------------------------------------------------------------------------------------------------------------------------

Report Methodology

Table of Contents
-----------------
1. REPORT SUMMARY
2. REPORT DETAILS

1. REPORT SUMMARY
-----------------
            Netlist: netlist
          Floorplan: design_1
      Design limits: <entire design considered>
             Max violations: <unlimited>
             Violations found: 93
+-----------+----------+-------------------------------+------------+
| Rule      | Severity | Description                   | Violations |
+-----------+----------+-------------------------------+------------+
| TIMING-18 | Warning  | Missing input or output delay | 93         |
+-----------+----------+-------------------------------+------------+

2. REPORT DETAILS
-----------------
TIMING-18#1 Warning
Missing input or output delay  
An input delay is missing on position[0] relative to clock(s) CLK
Related violations: <none>

TIMING-18#2 Warning
Missing input or output delay  
An input delay is missing on position[10] relative to clock(s) CLK
Related violations: <none>

TIMING-18#3 Warning
Missing input or output delay  
An input delay is missing on position[11] relative to clock(s) CLK
Related violations: <none>

TIMING-18#4 Warning
Missing input or output delay  
An input delay is missing on position[12] relative to clock(s) CLK
Related violations: <none>

TIMING-18#5 Warning
Missing input or output delay  
An input delay is missing on position[13] relative to clock(s) CLK
Related violations: <none>

TIMING-18#6 Warning
Missing input or output delay  
An input delay is missing on position[14] relative to clock(s) CLK
Related violations: <none>

TIMING-18#7 Warning
Missing input or output delay  
An input delay is missing on position[15] relative to clock(s) CLK
Related violations: <none>

TIMING-18#8 Warning
Missing input or output delay  
An input delay is missing on position[16] relative to clock(s) CLK
Related violations: <none>

TIMING-18#9 Warning
Missing input or output delay  
An input delay is missing on position[17] relative to clock(s) CLK
Related violations: <none>

TIMING-18#10 Warning
Missing input or output delay  
An input delay is missing on position[1] relative to clock(s) CLK
Related violations: <none>

TIMING-18#11 Warning
Missing input or output delay  
An input delay is missing on position[2] relative to clock(s) CLK
Related violations: <none>

TIMING-18#12 Warning
Missing input or output delay  
An input delay is missing on position[3] relative to clock(s) CLK
Related violations: <none>

TIMING-18#13 Warning
Missing input or output delay  
An input delay is missing on position[4] relative to clock(s) CLK
Related violations: <none>

TIMING-18#14 Warning
Missing input or output delay  
An input delay is missing on position[5] relative to clock(s) CLK
Related violations: <none>

TIMING-18#15 Warning
Missing input or output delay  
An input delay is missing on position[6] relative to clock(s) CLK
Related violations: <none>

TIMING-18#16 Warning
Missing input or output delay  
An input delay is missing on position[7] relative to clock(s) CLK
Related violations: <none>

TIMING-18#17 Warning
Missing input or output delay  
An input delay is missing on position[8] relative to clock(s) CLK
Related violations: <none>

TIMING-18#18 Warning
Missing input or output delay  
An input delay is missing on position[9] relative to clock(s) CLK
Related violations: <none>

TIMING-18#19 Warning
Missing input or output delay  
An input delay is missing on scalingParameters[0][-10] relative to clock(s) CLK
Related violations: <none>

TIMING-18#20 Warning
Missing input or output delay  
An input delay is missing on scalingParameters[0][-11] relative to clock(s) CLK
Related violations: <none>

TIMING-18#21 Warning
Missing input or output delay  
An input delay is missing on scalingParameters[0][-12] relative to clock(s) CLK
Related violations: <none>

TIMING-18#22 Warning
Missing input or output delay  
An input delay is missing on scalingParameters[0][-13] relative to clock(s) CLK
Related violations: <none>

TIMING-18#23 Warning
Missing input or output delay  
An input delay is missing on scalingParameters[0][-14] relative to clock(s) CLK
Related violations: <none>

TIMING-18#24 Warning
Missing input or output delay  
An input delay is missing on scalingParameters[0][-15] relative to clock(s) CLK
Related violations: <none>

TIMING-18#25 Warning
Missing input or output delay  
An input delay is missing on scalingParameters[0][-16] relative to clock(s) CLK
Related violations: <none>

TIMING-18#26 Warning
Missing input or output delay  
An input delay is missing on scalingParameters[0][-17] relative to clock(s) CLK
Related violations: <none>

TIMING-18#27 Warning
Missing input or output delay  
An input delay is missing on scalingParameters[0][-1] relative to clock(s) CLK
Related violations: <none>

TIMING-18#28 Warning
Missing input or output delay  
An input delay is missing on scalingParameters[0][-2] relative to clock(s) CLK
Related violations: <none>

TIMING-18#29 Warning
Missing input or output delay  
An input delay is missing on scalingParameters[0][-3] relative to clock(s) CLK
Related violations: <none>

TIMING-18#30 Warning
Missing input or output delay  
An input delay is missing on scalingParameters[0][-4] relative to clock(s) CLK
Related violations: <none>

TIMING-18#31 Warning
Missing input or output delay  
An input delay is missing on scalingParameters[0][-5] relative to clock(s) CLK
Related violations: <none>

TIMING-18#32 Warning
Missing input or output delay  
An input delay is missing on scalingParameters[0][-6] relative to clock(s) CLK
Related violations: <none>

TIMING-18#33 Warning
Missing input or output delay  
An input delay is missing on scalingParameters[0][-7] relative to clock(s) CLK
Related violations: <none>

TIMING-18#34 Warning
Missing input or output delay  
An input delay is missing on scalingParameters[0][-8] relative to clock(s) CLK
Related violations: <none>

TIMING-18#35 Warning
Missing input or output delay  
An input delay is missing on scalingParameters[0][-9] relative to clock(s) CLK
Related violations: <none>

TIMING-18#36 Warning
Missing input or output delay  
An input delay is missing on scalingParameters[0][0] relative to clock(s) CLK
Related violations: <none>

TIMING-18#37 Warning
Missing input or output delay  
An input delay is missing on vectorPosition[-10] relative to clock(s) CLK
Related violations: <none>

TIMING-18#38 Warning
Missing input or output delay  
An input delay is missing on vectorPosition[-11] relative to clock(s) CLK
Related violations: <none>

TIMING-18#39 Warning
Missing input or output delay  
An input delay is missing on vectorPosition[-12] relative to clock(s) CLK
Related violations: <none>

TIMING-18#40 Warning
Missing input or output delay  
An input delay is missing on vectorPosition[-13] relative to clock(s) CLK
Related violations: <none>

TIMING-18#41 Warning
Missing input or output delay  
An input delay is missing on vectorPosition[-14] relative to clock(s) CLK
Related violations: <none>

TIMING-18#42 Warning
Missing input or output delay  
An input delay is missing on vectorPosition[-15] relative to clock(s) CLK
Related violations: <none>

TIMING-18#43 Warning
Missing input or output delay  
An input delay is missing on vectorPosition[-16] relative to clock(s) CLK
Related violations: <none>

TIMING-18#44 Warning
Missing input or output delay  
An input delay is missing on vectorPosition[-17] relative to clock(s) CLK
Related violations: <none>

TIMING-18#45 Warning
Missing input or output delay  
An input delay is missing on vectorPosition[-1] relative to clock(s) CLK
Related violations: <none>

TIMING-18#46 Warning
Missing input or output delay  
An input delay is missing on vectorPosition[-2] relative to clock(s) CLK
Related violations: <none>

TIMING-18#47 Warning
Missing input or output delay  
An input delay is missing on vectorPosition[-3] relative to clock(s) CLK
Related violations: <none>

TIMING-18#48 Warning
Missing input or output delay  
An input delay is missing on vectorPosition[-4] relative to clock(s) CLK
Related violations: <none>

TIMING-18#49 Warning
Missing input or output delay  
An input delay is missing on vectorPosition[-5] relative to clock(s) CLK
Related violations: <none>

TIMING-18#50 Warning
Missing input or output delay  
An input delay is missing on vectorPosition[-6] relative to clock(s) CLK
Related violations: <none>

TIMING-18#51 Warning
Missing input or output delay  
An input delay is missing on vectorPosition[-7] relative to clock(s) CLK
Related violations: <none>

TIMING-18#52 Warning
Missing input or output delay  
An input delay is missing on vectorPosition[-8] relative to clock(s) CLK
Related violations: <none>

TIMING-18#53 Warning
Missing input or output delay  
An input delay is missing on vectorPosition[-9] relative to clock(s) CLK
Related violations: <none>

TIMING-18#54 Warning
Missing input or output delay  
An input delay is missing on vectorPosition[0] relative to clock(s) CLK
Related violations: <none>

TIMING-18#55 Warning
Missing input or output delay  
An output delay is missing on PWMOutput[0][0] relative to clock(s) CLK
Related violations: <none>

TIMING-18#56 Warning
Missing input or output delay  
An output delay is missing on PWMOutput[0][10] relative to clock(s) CLK
Related violations: <none>

TIMING-18#57 Warning
Missing input or output delay  
An output delay is missing on PWMOutput[0][11] relative to clock(s) CLK
Related violations: <none>

TIMING-18#58 Warning
Missing input or output delay  
An output delay is missing on PWMOutput[0][12] relative to clock(s) CLK
Related violations: <none>

TIMING-18#59 Warning
Missing input or output delay  
An output delay is missing on PWMOutput[0][1] relative to clock(s) CLK
Related violations: <none>

TIMING-18#60 Warning
Missing input or output delay  
An output delay is missing on PWMOutput[0][2] relative to clock(s) CLK
Related violations: <none>

TIMING-18#61 Warning
Missing input or output delay  
An output delay is missing on PWMOutput[0][3] relative to clock(s) CLK
Related violations: <none>

TIMING-18#62 Warning
Missing input or output delay  
An output delay is missing on PWMOutput[0][4] relative to clock(s) CLK
Related violations: <none>

TIMING-18#63 Warning
Missing input or output delay  
An output delay is missing on PWMOutput[0][5] relative to clock(s) CLK
Related violations: <none>

TIMING-18#64 Warning
Missing input or output delay  
An output delay is missing on PWMOutput[0][6] relative to clock(s) CLK
Related violations: <none>

TIMING-18#65 Warning
Missing input or output delay  
An output delay is missing on PWMOutput[0][7] relative to clock(s) CLK
Related violations: <none>

TIMING-18#66 Warning
Missing input or output delay  
An output delay is missing on PWMOutput[0][8] relative to clock(s) CLK
Related violations: <none>

TIMING-18#67 Warning
Missing input or output delay  
An output delay is missing on PWMOutput[0][9] relative to clock(s) CLK
Related violations: <none>

TIMING-18#68 Warning
Missing input or output delay  
An output delay is missing on PWMOutput[1][0] relative to clock(s) CLK
Related violations: <none>

TIMING-18#69 Warning
Missing input or output delay  
An output delay is missing on PWMOutput[1][10] relative to clock(s) CLK
Related violations: <none>

TIMING-18#70 Warning
Missing input or output delay  
An output delay is missing on PWMOutput[1][11] relative to clock(s) CLK
Related violations: <none>

TIMING-18#71 Warning
Missing input or output delay  
An output delay is missing on PWMOutput[1][12] relative to clock(s) CLK
Related violations: <none>

TIMING-18#72 Warning
Missing input or output delay  
An output delay is missing on PWMOutput[1][1] relative to clock(s) CLK
Related violations: <none>

TIMING-18#73 Warning
Missing input or output delay  
An output delay is missing on PWMOutput[1][2] relative to clock(s) CLK
Related violations: <none>

TIMING-18#74 Warning
Missing input or output delay  
An output delay is missing on PWMOutput[1][3] relative to clock(s) CLK
Related violations: <none>

TIMING-18#75 Warning
Missing input or output delay  
An output delay is missing on PWMOutput[1][4] relative to clock(s) CLK
Related violations: <none>

TIMING-18#76 Warning
Missing input or output delay  
An output delay is missing on PWMOutput[1][5] relative to clock(s) CLK
Related violations: <none>

TIMING-18#77 Warning
Missing input or output delay  
An output delay is missing on PWMOutput[1][6] relative to clock(s) CLK
Related violations: <none>

TIMING-18#78 Warning
Missing input or output delay  
An output delay is missing on PWMOutput[1][7] relative to clock(s) CLK
Related violations: <none>

TIMING-18#79 Warning
Missing input or output delay  
An output delay is missing on PWMOutput[1][8] relative to clock(s) CLK
Related violations: <none>

TIMING-18#80 Warning
Missing input or output delay  
An output delay is missing on PWMOutput[1][9] relative to clock(s) CLK
Related violations: <none>

TIMING-18#81 Warning
Missing input or output delay  
An output delay is missing on PWMOutput[2][0] relative to clock(s) CLK
Related violations: <none>

TIMING-18#82 Warning
Missing input or output delay  
An output delay is missing on PWMOutput[2][10] relative to clock(s) CLK
Related violations: <none>

TIMING-18#83 Warning
Missing input or output delay  
An output delay is missing on PWMOutput[2][11] relative to clock(s) CLK
Related violations: <none>

TIMING-18#84 Warning
Missing input or output delay  
An output delay is missing on PWMOutput[2][12] relative to clock(s) CLK
Related violations: <none>

TIMING-18#85 Warning
Missing input or output delay  
An output delay is missing on PWMOutput[2][1] relative to clock(s) CLK
Related violations: <none>

TIMING-18#86 Warning
Missing input or output delay  
An output delay is missing on PWMOutput[2][2] relative to clock(s) CLK
Related violations: <none>

TIMING-18#87 Warning
Missing input or output delay  
An output delay is missing on PWMOutput[2][3] relative to clock(s) CLK
Related violations: <none>

TIMING-18#88 Warning
Missing input or output delay  
An output delay is missing on PWMOutput[2][4] relative to clock(s) CLK
Related violations: <none>

TIMING-18#89 Warning
Missing input or output delay  
An output delay is missing on PWMOutput[2][5] relative to clock(s) CLK
Related violations: <none>

TIMING-18#90 Warning
Missing input or output delay  
An output delay is missing on PWMOutput[2][6] relative to clock(s) CLK
Related violations: <none>

TIMING-18#91 Warning
Missing input or output delay  
An output delay is missing on PWMOutput[2][7] relative to clock(s) CLK
Related violations: <none>

TIMING-18#92 Warning
Missing input or output delay  
An output delay is missing on PWMOutput[2][8] relative to clock(s) CLK
Related violations: <none>

TIMING-18#93 Warning
Missing input or output delay  
An output delay is missing on PWMOutput[2][9] relative to clock(s) CLK
Related violations: <none>


